<?xml version="1.0" encoding="UTF-8"?>
<!-- Generated by org.testng.reporters.JUnitXMLReporter -->
<testsuite hostname="Maroof" ignored="0" name="Default test" tests="4" failures="0" timestamp="22 Sep 2018 18:09:14 GMT" time="40.319" errors="0">
  <testcase name="addCustomer" time="10.049" classname="com.w2a.testcases.AddCustomerTest"/>
  <testcase name="addCustomer" time="10.038" classname="com.w2a.testcases.AddCustomerTest"/>
  <testcase name="addCustomer" time="10.085" classname="com.w2a.testcases.AddCustomerTest"/>
  <testcase name="addCustomer" time="10.095" classname="com.w2a.testcases.AddCustomerTest"/>
</testsuite> <!-- Default test -->
