<?xml version="1.0" encoding="UTF-8"?>
<testng-results skipped="0" failed="0" ignored="2" total="7" passed="5">
  <reporter-output>
    <line>
      <![CDATA[LOGIN DONE SUCCESSFULLY]]>
    </line>
    <line>
      <![CDATA[<a href="_blank""D:\TestImage.jpg">Screenshot</a>]]>
    </line>
    <line>
      <![CDATA[<br>]]>
    </line>
    <line>
      <![CDATA[<a href="_blank""D:\TestImage.jpg"><img src="D:\TestImage.jpg"</img></a>]]>
    </line>
  </reporter-output>
  <suite name="Suite" duration-ms="19937" started-at="2018-09-24T03:14:15Z" finished-at="2018-09-24T03:14:35Z">
    <groups>
    </groups>
    <test name="Test" duration-ms="19937" started-at="2018-09-24T03:14:15Z" finished-at="2018-09-24T03:14:35Z">
      <class name="com.w2a.testcases.AddCustomerTest">
        <test-method status="PASS" signature="addCustomer(java.lang.String, java.lang.String, java.lang.String, java.lang.String)[pri:0, instance:com.w2a.testcases.AddCustomerTest@cdf8bd]" name="addCustomer" duration-ms="3601" started-at="2018-09-24T08:44:22Z" data-provider="getData" finished-at="2018-09-24T08:44:25Z">
          <params>
            <param index="0">
              <value>
                <![CDATA[Raman]]>
              </value>
            </param>
            <param index="1">
              <value>
                <![CDATA[Arora]]>
              </value>
            </param>
            <param index="2">
              <value>
                <![CDATA[A234wd]]>
              </value>
            </param>
            <param index="3">
              <value>
                <![CDATA[Customer added successfully]]>
              </value>
            </param>
          </params>
          <reporter-output>
          </reporter-output>
        </test-method> <!-- addCustomer -->
        <test-method status="PASS" signature="addCustomer(java.lang.String, java.lang.String, java.lang.String, java.lang.String)[pri:0, instance:com.w2a.testcases.AddCustomerTest@cdf8bd]" name="addCustomer" duration-ms="3379" started-at="2018-09-24T08:44:25Z" data-provider="getData" finished-at="2018-09-24T08:44:29Z">
          <params>
            <param index="0">
              <value>
                <![CDATA[Rahul]]>
              </value>
            </param>
            <param index="1">
              <value>
                <![CDATA[Arora]]>
              </value>
            </param>
            <param index="2">
              <value>
                <![CDATA[A234wd]]>
              </value>
            </param>
            <param index="3">
              <value>
                <![CDATA[Customer added successfully]]>
              </value>
            </param>
          </params>
          <reporter-output>
          </reporter-output>
        </test-method> <!-- addCustomer -->
        <test-method status="PASS" signature="addCustomer(java.lang.String, java.lang.String, java.lang.String, java.lang.String)[pri:0, instance:com.w2a.testcases.AddCustomerTest@cdf8bd]" name="addCustomer" duration-ms="3286" started-at="2018-09-24T08:44:29Z" data-provider="getData" finished-at="2018-09-24T08:44:32Z">
          <params>
            <param index="0">
              <value>
                <![CDATA[Ishita]]>
              </value>
            </param>
            <param index="1">
              <value>
                <![CDATA[Arora]]>
              </value>
            </param>
            <param index="2">
              <value>
                <![CDATA[A234wd]]>
              </value>
            </param>
            <param index="3">
              <value>
                <![CDATA[Customer added successfully]]>
              </value>
            </param>
          </params>
          <reporter-output>
          </reporter-output>
        </test-method> <!-- addCustomer -->
        <test-method status="PASS" signature="addCustomer(java.lang.String, java.lang.String, java.lang.String, java.lang.String)[pri:0, instance:com.w2a.testcases.AddCustomerTest@cdf8bd]" name="addCustomer" duration-ms="3153" started-at="2018-09-24T08:44:32Z" data-provider="getData" finished-at="2018-09-24T08:44:35Z">
          <params>
            <param index="0">
              <value>
                <![CDATA[Rohit]]>
              </value>
            </param>
            <param index="1">
              <value>
                <![CDATA[Sehgal]]>
              </value>
            </param>
            <param index="2">
              <value>
                <![CDATA[A234wd]]>
              </value>
            </param>
            <param index="3">
              <value>
                <![CDATA[Customer added successfully]]>
              </value>
            </param>
          </params>
          <reporter-output>
          </reporter-output>
        </test-method> <!-- addCustomer -->
      </class> <!-- com.w2a.testcases.AddCustomerTest -->
      <class name="com.w2a.testcases.BankManagerLoginTest">
        <test-method status="PASS" signature="setUp()[pri:0, instance:com.w2a.testcases.BankManagerLoginTest@7f1f10]" name="setUp" is-config="true" duration-ms="12069" started-at="2018-09-24T08:44:03Z" finished-at="2018-09-24T08:44:15Z">
          <reporter-output>
          </reporter-output>
        </test-method> <!-- setUp -->
        <test-method status="PASS" signature="loginAsBankManager()[pri:0, instance:com.w2a.testcases.BankManagerLoginTest@7f1f10]" name="loginAsBankManager" duration-ms="6119" started-at="2018-09-24T08:44:16Z" finished-at="2018-09-24T08:44:22Z">
          <reporter-output>
            <line>
              <![CDATA[LOGIN DONE SUCCESSFULLY]]>
            </line>
            <line>
              <![CDATA[<a href="_blank""D:\TestImage.jpg">Screenshot</a>]]>
            </line>
            <line>
              <![CDATA[<br>]]>
            </line>
            <line>
              <![CDATA[<a href="_blank""D:\TestImage.jpg"><img src="D:\TestImage.jpg"</img></a>]]>
            </line>
          </reporter-output>
        </test-method> <!-- loginAsBankManager -->
        <test-method status="PASS" signature="tearDown()[pri:0, instance:com.w2a.testcases.BankManagerLoginTest@7f1f10]" name="tearDown" is-config="true" duration-ms="1424" started-at="2018-09-24T08:44:35Z" finished-at="2018-09-24T08:44:37Z">
          <reporter-output>
          </reporter-output>
        </test-method> <!-- tearDown -->
      </class> <!-- com.w2a.testcases.BankManagerLoginTest -->
    </test> <!-- Test -->
  </suite> <!-- Suite -->
</testng-results>
