<?xml version="1.0" encoding="UTF-8"?>
<!-- Generated by org.testng.reporters.JUnitXMLReporter -->
<testsuite hostname="Maroof" ignored="2" name="Test" tests="5" failures="0" timestamp="24 Sep 2018 03:14:35 GMT" time="19.937" errors="0">
  <testcase name="loginAsBankManager" time="6.119" classname="com.w2a.testcases.BankManagerLoginTest"/>
  <testcase name="addCustomer" time="3.601" classname="com.w2a.testcases.AddCustomerTest"/>
  <testcase name="addCustomer" time="3.379" classname="com.w2a.testcases.AddCustomerTest"/>
  <testcase name="addCustomer" time="3.286" classname="com.w2a.testcases.AddCustomerTest"/>
  <testcase name="addCustomer" time="3.153" classname="com.w2a.testcases.AddCustomerTest"/>
  <testcase name="@BeforeSuite setUp" time="0.0" classname="com.w2a.base.TestBase">
    <ignored/>
  </testcase> <!-- @BeforeSuite setUp -->
  <testcase name="@AfterSuite tearDown" time="0.0" classname="com.w2a.base.TestBase">
    <ignored/>
  </testcase> <!-- @AfterSuite tearDown -->
</testsuite> <!-- Test -->
